<?xml version="1.0" encoding="UTF-8"?>
<testng-results ignored="0" total="1" passed="1" failed="0" skipped="0">
  <reporter-output>
  </reporter-output>
  <suite started-at="2023-05-16T12:02:38Z" name="Default suite" finished-at="2023-05-16T12:03:44Z" duration-ms="65603">
    <groups>
    </groups>
    <test started-at="2023-05-16T12:02:38Z" name="Default test" finished-at="2023-05-16T12:03:44Z" duration-ms="65603">
      <class name="Performer.Performercount">
        <test-method is-config="true" signature="Login1()[pri:0, instance:Performer.Performercount@76a2ddf3]" started-at="2023-05-16T12:02:38Z" name="Login1" finished-at="2023-05-16T12:03:20Z" duration-ms="41459" status="PASS">
          <reporter-output>
          </reporter-output>
        </test-method> <!-- Login1 -->
        <test-method signature="Count()[pri:1, instance:Performer.Performercount@76a2ddf3]" started-at="2023-05-16T12:03:20Z" name="Count" finished-at="2023-05-16T12:03:44Z" duration-ms="24072" status="PASS">
          <reporter-output>
          </reporter-output>
        </test-method> <!-- Count -->
      </class> <!-- Performer.Performercount -->
    </test> <!-- Default test -->
  </suite> <!-- Default suite -->
</testng-results>
